<?xml version="1.0" encoding="UTF-8"?>
<!-- Generated by org.testng.reporters.JUnitReportReporter -->
<testsuite hostname="Khosruz" failures="0" tests="2" name="com.Tests.DeshBoardHomeTest" time="27.482" errors="0" timestamp="2023-10-25T16:47:51 EDT" skipped="0">
  <testcase classname="com.Tests.DeshBoardHomeTest" name="salseDataTest" time="10.523"/>
  <testcase classname="com.Tests.DeshBoardHomeTest" name="salseDataTest" time="16.959"/>
</testsuite> <!-- com.Tests.DeshBoardHomeTest -->
