<?xml version="1.0" encoding="UTF-8"?>
<!-- Generated by org.testng.reporters.JUnitReportReporter -->
<testsuite hostname="Khosruz" failures="0" tests="2" name="com.Tests.DeshBoardOrderTest" time="13.133" errors="0" timestamp="2023-10-30T11:41:27 EDT" skipped="1">
  <testcase classname="com.Tests.DeshBoardOrderTest" name="shippingAddress" time="13.133"/>
  <testcase classname="com.Tests.DeshBoardOrderTest" name="displayReceipt">
    <skipped/>
  </testcase> <!-- displayReceipt -->
</testsuite> <!-- com.Tests.DeshBoardOrderTest -->
