<?xml version="1.0" encoding="UTF-8"?>
<!-- Generated by org.testng.reporters.JUnitReportReporter -->
<testsuite hostname="Khosruz" failures="0" tests="2" name="com.Tests.LoginPageTest" time="12.740" errors="0" timestamp="2024-02-28T14:42:01 EST" skipped="0">
  <testcase classname="com.Tests.LoginPageTest" name="pageTitleTest" time="5.662"/>
  <testcase classname="com.Tests.LoginPageTest" name="displayNameTest" time="7.078"/>
</testsuite> <!-- com.Tests.LoginPageTest -->
