<?xml version="1.0" encoding="UTF-8"?>
<!-- Generated by org.testng.reporters.JUnitReportReporter -->
<testsuite hostname="Khosruz" failures="0" tests="2" name="com.Tests.DeshBoardHomeTest" time="19.086" errors="0" timestamp="2023-10-29T14:25:05 EDT" skipped="0">
  <testcase classname="com.Tests.DeshBoardHomeTest" name="salseDataTest" time="7.419"/>
  <testcase classname="com.Tests.DeshBoardHomeTest" name="salseDataTest" time="11.667"/>
</testsuite> <!-- com.Tests.DeshBoardHomeTest -->
