<?xml version="1.0" encoding="UTF-8"?>
<!-- Generated by org.testng.reporters.JUnitReportReporter -->
<testsuite hostname="Khosruz" failures="0" tests="1" name="com.Tests.LoginPageTest" time="5.259" errors="0" timestamp="2023-10-25T09:27:52 EDT" skipped="0">
  <testcase classname="com.Tests.LoginPageTest" name="pageTitleTest" time="5.259"/>
</testsuite> <!-- com.Tests.LoginPageTest -->
