<?xml version="1.0" encoding="UTF-8"?>
<!-- Generated by org.testng.reporters.JUnitReportReporter -->
<testsuite hostname="Khosruzs-MacBook-Pro.local" failures="0" tests="6" name="com.Tests.DeshBoardOrderTest" time="16.431" errors="0" timestamp="2024-12-10T21:23:29 EST" skipped="0">
  <testcase classname="com.Tests.DeshBoardOrderTest" name="pageTitleTest" time="2.508"/>
  <testcase classname="com.Tests.DeshBoardOrderTest" name="orderManueTest" time="2.245"/>
  <testcase classname="com.Tests.DeshBoardOrderTest" name="heasdSelectionTest" time="2.654"/>
  <testcase classname="com.Tests.DeshBoardOrderTest" name="bodySelectionTest" time="2.722"/>
  <testcase classname="com.Tests.DeshBoardOrderTest" name="legsSelectionTest" time="2.630"/>
  <testcase classname="com.Tests.DeshBoardOrderTest" name="shippingAddress" time="3.672"/>
</testsuite> <!-- com.Tests.DeshBoardOrderTest -->
