<?xml version="1.0" encoding="UTF-8"?>
<!-- Generated by org.testng.reporters.JUnitReportReporter -->
<testsuite hostname="Khosruz" failures="0" tests="5" name="com.Tests.LoginPageTest" time="43.084" errors="0" timestamp="2023-10-19T15:58:19 EDT" skipped="0">
  <testcase classname="com.Tests.LoginPageTest" name="pageTitleTest" time="6.054"/>
  <testcase classname="com.Tests.LoginPageTest" name="loginTestWithValidCredentials" time="6.289"/>
  <testcase classname="com.Tests.LoginPageTest" name="loginTestInvalidCredentials" time="9.173"/>
  <testcase classname="com.Tests.LoginPageTest" name="displayNameTest" time="10.448"/>
  <testcase classname="com.Tests.LoginPageTest" name="logOutTest" time="11.120"/>
</testsuite> <!-- com.Tests.LoginPageTest -->
