<?xml version="1.0" encoding="UTF-8"?>
<!-- Generated by org.testng.reporters.JUnitReportReporter -->
<testsuite hostname="Khosruz" failures="0" tests="5" name="com.Tests.HomePageTest" time="28.265" errors="0" timestamp="2024-02-03T12:38:57 EST" skipped="0">
  <testcase classname="com.Tests.HomePageTest" name="homePageText" time="4.919"/>
  <testcase classname="com.Tests.HomePageTest" name="homeButtonTest" time="4.612"/>
  <testcase classname="com.Tests.HomePageTest" name="orderButtonTest" time="8.644"/>
  <testcase classname="com.Tests.HomePageTest" name="pageTitleTest" time="5.327"/>
  <testcase classname="com.Tests.HomePageTest" name="loginButtonTest" time="4.763"/>
</testsuite> <!-- com.Tests.HomePageTest -->
