<?xml version="1.0" encoding="UTF-8"?>
<!-- Generated by org.testng.reporters.JUnitReportReporter -->
<testsuite hostname="Khosruz" failures="0" tests="5" name="com.Tests.HomePageTest" time="36.217" errors="0" timestamp="2023-10-19T22:08:54 EDT" skipped="0">
  <testcase classname="com.Tests.HomePageTest" name="homePageText" time="8.865"/>
  <testcase classname="com.Tests.HomePageTest" name="orderButtonTest" time="5.833"/>
  <testcase classname="com.Tests.HomePageTest" name="loginButtonTest" time="6.810"/>
  <testcase classname="com.Tests.HomePageTest" name="pageTitleTest" time="8.765"/>
  <testcase classname="com.Tests.HomePageTest" name="homeButtonTest" time="5.944"/>
</testsuite> <!-- com.Tests.HomePageTest -->
