<?xml version="1.0" encoding="UTF-8"?>
<!-- Generated by org.testng.reporters.JUnitReportReporter -->
<testsuite hostname="Khosruz" failures="0" tests="3" name="com.Tests.DeshBoardHomeTest" time="26.918" errors="0" timestamp="2023-10-19T00:54:14 EDT" skipped="0">
  <testcase classname="com.Tests.DeshBoardHomeTest" name="pageTitleTest" time="6.584"/>
  <testcase classname="com.Tests.DeshBoardHomeTest" name="salseDataTest" time="11.567"/>
  <testcase classname="com.Tests.DeshBoardHomeTest" name="salseDataTest" time="8.767"/>
</testsuite> <!-- com.Tests.DeshBoardHomeTest -->
