<?xml version="1.0" encoding="UTF-8"?>
<!-- Generated by org.testng.reporters.JUnitReportReporter -->
<testsuite hostname="Khosruz" failures="0" tests="1" name="com.Tests.LoginPageTest" time="9.284" errors="0" timestamp="2024-01-15T12:27:40 EST" skipped="0">
  <testcase classname="com.Tests.LoginPageTest" name="pageTitleTest" time="9.284"/>
</testsuite> <!-- com.Tests.LoginPageTest -->
