<?xml version="1.0" encoding="UTF-8"?>
<!-- Generated by org.testng.reporters.JUnitReportReporter -->
<testsuite hostname="Khosruz" failures="0" tests="5" name="com.Tests.HomePageTest" time="28.943" errors="0" timestamp="2024-02-28T14:42:01 EST" skipped="0">
  <testcase classname="com.Tests.HomePageTest" name="pageTitleTest" time="5.594"/>
  <testcase classname="com.Tests.HomePageTest" name="loginButtonTest" time="5.081"/>
  <testcase classname="com.Tests.HomePageTest" name="orderButtonTest" time="5.179"/>
  <testcase classname="com.Tests.HomePageTest" name="homeButtonTest" time="5.410"/>
  <testcase classname="com.Tests.HomePageTest" name="homePageText" time="7.679"/>
</testsuite> <!-- com.Tests.HomePageTest -->
