<?xml version="1.0" encoding="UTF-8"?>
<!-- Generated by org.testng.reporters.JUnitReportReporter -->
<testsuite hostname="Khosruz" failures="0" tests="7" name="com.Tests.DeshBoardOrderTest" time="48.089" errors="0" timestamp="2023-10-19T16:23:42 EDT" skipped="1">
  <testcase classname="com.Tests.DeshBoardOrderTest" name="pageTitleTest" time="8.168"/>
  <testcase classname="com.Tests.DeshBoardOrderTest" name="orderManueTest" time="6.759"/>
  <testcase classname="com.Tests.DeshBoardOrderTest" name="heasdSelectionTest" time="9.445"/>
  <testcase classname="com.Tests.DeshBoardOrderTest" name="bodySelectionTest" time="6.930"/>
  <testcase classname="com.Tests.DeshBoardOrderTest" name="legsSelectionTest" time="6.001"/>
  <testcase classname="com.Tests.DeshBoardOrderTest" name="shippingAddress" time="10.786"/>
  <testcase classname="com.Tests.DeshBoardOrderTest" name="displayReceipt">
    <skipped/>
  </testcase> <!-- displayReceipt -->
</testsuite> <!-- com.Tests.DeshBoardOrderTest -->
