<?xml version="1.0" encoding="UTF-8"?>
<!-- Generated by org.testng.reporters.JUnitReportReporter -->
<testsuite hostname="Khosruz" failures="0" tests="3" name="com.Tests.LoginPageTest" time="9.099" errors="0" timestamp="2023-10-18T13:08:06 EDT" skipped="0">
  <testcase classname="com.Tests.LoginPageTest" name="pageTitleTest" time="1.985"/>
  <testcase classname="com.Tests.LoginPageTest" name="loginTest" time="3.200"/>
  <testcase classname="com.Tests.LoginPageTest" name="displayNameTest" time="3.914"/>
</testsuite> <!-- com.Tests.LoginPageTest -->
