<?xml version="1.0" encoding="UTF-8"?>
<!-- Generated by org.testng.reporters.JUnitReportReporter -->
<testsuite hostname="Khosruzs-MacBook-Pro.local" failures="0" tests="5" name="com.Tests.HomePageTest" time="21.789" errors="0" timestamp="2024-12-10T21:23:29 EST" skipped="0">
  <testcase classname="com.Tests.HomePageTest" name="pageTitleTest" time="3.438"/>
  <testcase classname="com.Tests.HomePageTest" name="loginButtonTest" time="2.327"/>
  <testcase classname="com.Tests.HomePageTest" name="homePageText" time="2.202"/>
  <testcase classname="com.Tests.HomePageTest" name="homeButtonTest" time="11.731"/>
  <testcase classname="com.Tests.HomePageTest" name="orderButtonTest" time="2.091"/>
</testsuite> <!-- com.Tests.HomePageTest -->
