<?xml version="1.0" encoding="UTF-8"?>
<!-- Generated by org.testng.reporters.JUnitReportReporter -->
<testsuite hostname="Khosruz" failures="0" tests="2" name="com.Tests.DeshBoardHomeTest" time="19.966" errors="0" timestamp="2023-10-19T15:32:04 EDT" skipped="0">
  <testcase classname="com.Tests.DeshBoardHomeTest" name="salseDataTest" time="9.035"/>
  <testcase classname="com.Tests.DeshBoardHomeTest" name="salseDataTest" time="10.931"/>
</testsuite> <!-- com.Tests.DeshBoardHomeTest -->
