<?xml version="1.0" encoding="UTF-8"?>
<!-- Generated by org.testng.reporters.JUnitReportReporter -->
<testsuite hostname="Khosruz" failures="0" tests="1" name="com.Tests.LoginPageTest" time="9.140" errors="0" timestamp="2023-10-24T22:59:52 EDT" skipped="0">
  <testcase classname="com.Tests.LoginPageTest" name="displayNameTest" time="9.140"/>
</testsuite> <!-- com.Tests.LoginPageTest -->
