<?xml version="1.0" encoding="UTF-8"?>
<!-- Generated by org.testng.reporters.JUnitReportReporter -->
<testsuite hostname="Khosruz" failures="0" tests="7" name="com.Tests.DeshBoardOrderTest" time="47.848" errors="0" timestamp="2024-02-28T14:42:01 EST" skipped="1">
  <testcase classname="com.Tests.DeshBoardOrderTest" name="pageTitleTest" time="5.528"/>
  <testcase classname="com.Tests.DeshBoardOrderTest" name="orderManueTest" time="5.451"/>
  <testcase classname="com.Tests.DeshBoardOrderTest" name="heasdSelectionTest" time="6.376"/>
  <testcase classname="com.Tests.DeshBoardOrderTest" name="bodySelectionTest" time="6.058"/>
  <testcase classname="com.Tests.DeshBoardOrderTest" name="legsSelectionTest" time="5.296"/>
  <testcase classname="com.Tests.DeshBoardOrderTest" name="shippingAddress" time="11.776">
    <skipped/>
  </testcase> <!-- shippingAddress -->
  <testcase classname="com.Tests.DeshBoardOrderTest" name="shippingAddress" time="7.363"/>
</testsuite> <!-- com.Tests.DeshBoardOrderTest -->
