<?xml version="1.0" encoding="UTF-8"?>
<!-- Generated by org.testng.reporters.JUnitReportReporter -->
<testsuite hostname="Khosruz" failures="0" tests="1" name="com.Tests.LoginPageTest" time="7.408" errors="0" timestamp="2023-10-26T11:36:35 EDT" skipped="0">
  <testcase classname="com.Tests.LoginPageTest" name="pageTitleTest" time="7.408"/>
</testsuite> <!-- com.Tests.LoginPageTest -->
